TN:
SF:contracts/components/BaseComponent.sol
FN:55,BaseComponent.lock
FNDA:3,BaseComponent.lock
DA:56,2
FN:59,BaseComponent.unlock
FNDA:2,BaseComponent.unlock
DA:60,1
FN:63,BaseComponent.getWallet
FNDA:0,BaseComponent.getWallet
DA:69,0
FN:72,BaseComponent.getToken
FNDA:0,BaseComponent.getToken
DA:73,0
FN:76,BaseComponent.getInstance
FNDA:3,BaseComponent.getInstance
DA:77,3
FNF:5
FNH:3
LF:5
LH:3
BRF:0
BRH:0
end_of_record
TN:
SF:contracts/components/Distribution.sol
FN:55,Distribution.setFees
FNDA:0,Distribution.setFees
DA:61,0
FN:64,Distribution.calculateFeeAmount
FNDA:0,Distribution.calculateFeeAmount
DA:73,0
DA:74,0
FN:78,Distribution.calculateRenewalFeeAmount
FNDA:0,Distribution.calculateRenewalFeeAmount
DA:88,0
FN:91,Distribution.processSale
FNDA:0,Distribution.processSale
FN:102,Distribution.processRenewal
FNDA:0,Distribution.processRenewal
FN:113,Distribution.referralIsValid
FNDA:0,Distribution.referralIsValid
DA:115,0
FN:119,Distribution.getDistributionFee
FNDA:0,Distribution.getDistributionFee
DA:120,0
DA:121,0
BRDA:121,0,0,-
BRDA:121,0,1,-
DA:122,0
DA:124,0
FN:130,Distribution.isVerifying
FNDA:0,Distribution.isVerifying
DA:131,0
FN:136,Distribution.getInitialInfo
FNDA:27,Distribution.getInitialInfo
DA:142,27
DA:145,27
DA:147,27
FNF:9
FNH:1
LF:13
LH:3
BRF:2
BRH:0
end_of_record
TN:
SF:contracts/components/Pool.sol
FN:77,Pool.createBundle
FNDA:27,Pool.createBundle
DA:87,27
DA:88,27
FN:103,Pool.underwrite
FNDA:0,Pool.underwrite
DA:113,0
FN:120,Pool.policyMatchesBundle
FNDA:0,Pool.policyMatchesBundle
DA:129,0
FN:133,Pool.isVerifying
FNDA:0,Pool.isVerifying
DA:134,0
FN:137,Pool.getCollateralizationLevel
FNDA:0,Pool.getCollateralizationLevel
DA:138,0
FN:141,Pool.setFees
FNDA:0,Pool.setFees
DA:150,0
FN:153,Pool.setBundleFee
FNDA:0,Pool.setBundleFee
DA:161,0
FN:164,Pool.getFees
FNDA:0,Pool.getFees
DA:170,0
DA:172,0
DA:173,0
FN:183,Pool.getInitialInfo
FNDA:54,Pool.getInitialInfo
DA:189,54
DA:192,54
DA:194,54
FN:212,Pool._underwrite
FNDA:0,Pool._underwrite
DA:220,0
BRDA:220,0,0,-
BRDA:220,0,1,-
DA:225,0
FN:228,Pool._createBundle
FNDA:0,Pool._createBundle
DA:238,0
FNF:11
FNH:2
LF:17
LH:5
BRF:2
BRH:0
end_of_record
TN:
SF:contracts/components/Product.sol
FN:61,Product.calculatePremium
FNDA:0,Product.calculatePremium
DA:74,0
FN:85,Product.calculateNetPremium
FNDA:0,Product.calculateNetPremium
DA:97,0
FN:100,Product._toRiskId
FNDA:0,Product._toRiskId
DA:101,0
FN:104,Product._createRisk
FNDA:0,Product._createRisk
DA:108,0
FN:114,Product._setRiskInfo
FNDA:0,Product._setRiskInfo
DA:118,0
FN:124,Product._updateRiskState
FNDA:0,Product._updateRiskState
DA:128,0
FN:134,Product._getRiskInfo
FNDA:0,Product._getRiskInfo
DA:135,0
FN:138,Product._createApplication
FNDA:0,Product._createApplication
DA:147,0
FN:158,Product._underwrite
FNDA:0,Product._underwrite
DA:165,0
FN:171,Product._collectPremium
FNDA:0,Product._collectPremium
DA:177,0
FN:182,Product._activate
FNDA:0,Product._activate
DA:188,0
FN:193,Product.getPoolNftId
FNDA:1,Product.getPoolNftId
DA:194,1
FN:197,Product.getDistributionNftId
FNDA:1,Product.getDistributionNftId
DA:198,1
FN:202,Product.setFees
FNDA:0,Product.setFees
DA:210,0
FN:214,Product.getProductFee
FNDA:0,Product.getProductFee
DA:220,0
DA:221,0
BRDA:221,0,0,-
BRDA:221,0,1,-
DA:222,0
DA:224,0
FN:228,Product.getProcessingFee
FNDA:0,Product.getProcessingFee
DA:234,0
DA:235,0
BRDA:235,1,0,-
BRDA:235,1,1,-
DA:236,0
DA:238,0
FN:245,Product.getInitialInfo
FNDA:27,Product.getInitialInfo
DA:252,27
DA:255,27
DA:265,27
DA:268,27
DA:270,27
DA:277,27
DA:281,27
FNF:17
FNH:3
LF:29
LH:9
BRF:4
BRH:0
end_of_record
TN:
SF:contracts/experiment/errors/Require.sol
FN:15,Require.isAlargerThanBRequire_S
FNDA:2,Require.isAlargerThanBRequire_S
DA:18,2
BRDA:18,0,0,1
BRDA:18,0,1,1
DA:20,1
FN:23,Require.isAlargerThanBRequire_M
FNDA:2,Require.isAlargerThanBRequire_M
DA:26,2
BRDA:26,1,0,1
BRDA:26,1,1,1
DA:28,1
FN:31,Require.isAlargerThanBRequire_L
FNDA:2,Require.isAlargerThanBRequire_L
DA:34,2
BRDA:34,2,0,1
BRDA:34,2,1,1
DA:36,1
FNF:3
FNH:3
LF:6
LH:6
BRF:6
BRH:6
end_of_record
TN:
SF:contracts/experiment/errors/Revert.sol
FN:15,Revert.isAlargerThanBRevert_S
FNDA:2,Revert.isAlargerThanBRevert_S
DA:18,2
BRDA:18,0,0,1
BRDA:18,0,1,1
DA:19,1
DA:22,1
FN:25,Revert.isAlargerThanBRevert_M
FNDA:2,Revert.isAlargerThanBRevert_M
DA:28,2
BRDA:28,1,0,1
BRDA:28,1,1,1
DA:29,1
DA:32,1
FN:35,Revert.isAlargerThanBRevert_L
FNDA:2,Revert.isAlargerThanBRevert_L
DA:38,2
BRDA:38,2,0,1
BRDA:38,2,1,1
DA:39,1
DA:42,1
FNF:3
FNH:3
LF:9
LH:9
BRF:6
BRH:6
end_of_record
TN:
SF:contracts/experiment/inheritance/A.sol
FN:44,AShared.getA
FNDA:6,AShared.getA
DA:45,6
FN:48,AShared.setA
FNDA:1,AShared.setA
DA:49,1
FNF:2
FNH:2
LF:2
LH:2
BRF:0
BRH:0
end_of_record
TN:
SF:contracts/experiment/inheritance/B.sol
FN:16,B.getB
FNDA:4,B.getB
DA:17,4
FN:20,B.setB
FNDA:1,B.setB
DA:21,1
FN:25,B.getAfromB
FNDA:2,B.getAfromB
DA:26,2
FNF:3
FNH:3
LF:3
LH:3
BRF:0
BRH:0
end_of_record
TN:
SF:contracts/experiment/inheritance/C.sol
FN:16,C.getC
FNDA:2,C.getC
DA:17,2
FN:20,C.setC
FNDA:1,C.setC
DA:21,1
FN:25,C.getAfromC
FNDA:2,C.getAfromC
DA:26,2
FN:30,C.getBfromC
FNDA:2,C.getBfromC
DA:31,2
DA:32,2
FNF:4
FNH:4
LF:5
LH:5
BRF:0
BRH:0
end_of_record
TN:
SF:contracts/experiment/statemachine/Dummy.sol
FN:14,LifeCycleModule.getInitialState
FNDA:0,LifeCycleModule.getInitialState
DA:17,0
FN:20,LifeCycleModule.isValidTransition
FNDA:0,LifeCycleModule.isValidTransition
DA:25,0
FNF:2
FNH:0
LF:2
LH:0
BRF:0
BRH:0
end_of_record
TN:
SF:contracts/experiment/statemachine/SM.sol
FN:13,SM.setInitialState
FNDA:0,SM.setInitialState
DA:14,0
BRDA:14,0,0,-
BRDA:14,0,1,-
DA:15,0
DA:18,0
FN:21,SM.addTransition
FNDA:0,SM.addTransition
DA:25,0
BRDA:25,1,0,-
BRDA:25,1,1,-
DA:26,0
DA:29,0
BRDA:29,2,0,-
BRDA:29,2,1,-
DA:30,0
DA:33,0
FN:36,SM.changeToState
FNDA:10,SM.changeToState
DA:37,10
BRDA:37,3,0,4
BRDA:37,3,1,6
DA:38,4
DA:41,6
DA:42,6
DA:44,6
FN:47,SM.isValidTransition
FNDA:4,SM.isValidTransition
DA:51,4
FN:54,SM.getState
FNDA:16,SM.getState
DA:55,16
FNF:5
FNH:3
LF:15
LH:7
BRF:8
BRH:2
end_of_record
TN:
SF:contracts/experiment/statemachine/SimpleStateMachine.sol
FN:20,SimpleStateMachine.ACTIVE
FNDA:9,SimpleStateMachine.ACTIVE
DA:21,9
FN:24,SimpleStateMachine.PAUSED
FNDA:10,SimpleStateMachine.PAUSED
DA:25,10
FN:28,SimpleStateMachine.ARCHIVED
FNDA:3,SimpleStateMachine.ARCHIVED
DA:29,3
FNF:3
FNH:3
LF:3
LH:3
BRF:0
BRH:0
end_of_record
TN:
SF:contracts/experiment/types/TypeA.sol
FN:44,TypeALib.toInt
FNDA:0,TypeALib.toInt
DA:45,0
FNF:1
FNH:0
LF:1
LH:0
BRF:0
BRH:0
end_of_record
TN:
SF:contracts/experiment/types/TypeB.sol
FN:26,TypeBLib.toInt
FNDA:0,TypeBLib.toInt
DA:27,0
FNF:1
FNH:0
LF:1
LH:0
BRF:0
BRH:0
end_of_record
TN:
SF:contracts/instance/Instance.sol
FN:77,Instance.getRegistry
FNDA:0,Instance.getRegistry
DA:77,0
FN:79,Instance.getKeyValueStore
FNDA:27,Instance.getKeyValueStore
DA:79,27
FN:81,Instance.getComponentOwnerService
FNDA:189,Instance.getComponentOwnerService
DA:81,189
FN:82,Instance.getDistributionService
FNDA:27,Instance.getDistributionService
DA:82,27
FN:83,Instance.getProductService
FNDA:81,Instance.getProductService
DA:83,81
FN:84,Instance.getPoolService
FNDA:54,Instance.getPoolService
DA:84,54
FN:86,Instance.getOwner
FNDA:81,Instance.getOwner
DA:86,108
FNF:7
FNH:6
LF:7
LH:6
BRF:0
BRH:0
end_of_record
TN:
SF:contracts/instance/base/ComponentServiceBase.sol
FN:25,ComponentServiceBase._getAndVerifyComponentInfoAndInstance
FNDA:27,ComponentServiceBase._getAndVerifyComponentInfoAndInstance
DA:35,27
DA:36,27
BRDA:36,0,0,-
BRDA:36,0,1,27
DA:38,27
DA:39,27
BRDA:39,1,0,-
BRDA:39,1,1,27
DA:41,27
DA:42,27
FN:45,ComponentServiceBase.getRegistryService
FNDA:0,ComponentServiceBase.getRegistryService
DA:46,27
DA:47,27
FNF:2
FNH:1
LF:8
LH:8
BRF:4
BRH:2
end_of_record
TN:
SF:contracts/instance/base/InstanceBase.sol
FN:51,InstanceBase.getKeyValueStore
FNDA:27,InstanceBase.getKeyValueStore
DA:51,27
FN:53,InstanceBase.updateState
FNDA:3,InstanceBase.updateState
DA:54,3
FN:57,InstanceBase.getState
FNDA:89,InstanceBase.getState
DA:58,89
FN:62,InstanceBase.getVersion
FNDA:0,InstanceBase.getVersion
DA:68,0
FN:74,InstanceBase._linkToServicesInRegistry
FNDA:0,InstanceBase._linkToServicesInRegistry
DA:75,0
DA:76,0
DA:77,0
DA:78,0
DA:79,0
FN:82,InstanceBase._getAndCheck
FNDA:0,InstanceBase._getAndCheck
DA:83,0
DA:84,0
BRDA:84,0,0,-
BRDA:84,0,1,-
FNF:6
FNH:3
LF:11
LH:3
BRF:2
BRH:0
end_of_record
TN:
SF:contracts/instance/base/KeyValueStore.sol
FN:30,KeyValueStore.create
FNDA:135,KeyValueStore.create
DA:38,135
BRDA:38,0,0,-
BRDA:38,0,1,135
DA:40,135
DA:41,135
BRDA:41,1,0,-
BRDA:41,1,1,135
DA:43,135
DA:44,135
DA:45,135
DA:48,135
DA:49,135
DA:50,135
DA:51,135
DA:52,135
DA:55,135
DA:58,135
FN:61,KeyValueStore.update
FNDA:0,KeyValueStore.update
DA:65,0
BRDA:65,2,0,-
BRDA:65,2,1,-
DA:66,0
DA:67,0
DA:68,0
BRDA:68,3,0,-
BRDA:68,3,1,-
DA:71,0
DA:74,0
DA:75,0
DA:76,0
DA:77,0
DA:78,0
DA:81,0
DA:83,0
DA:85,0
FN:88,KeyValueStore.updateData
FNDA:0,KeyValueStore.updateData
DA:92,0
DA:93,0
DA:94,0
BRDA:94,4,0,-
BRDA:94,4,1,-
DA:97,0
DA:100,0
DA:101,0
DA:102,0
DA:103,0
DA:106,0
DA:108,0
FN:111,KeyValueStore.updateState
FNDA:3,KeyValueStore.updateState
DA:115,3
BRDA:115,5,0,-
BRDA:115,5,1,3
DA:116,3
DA:117,3
DA:118,3
BRDA:118,6,0,-
BRDA:118,6,1,3
DA:121,3
DA:122,3
DA:123,3
DA:124,3
DA:125,3
DA:128,3
DA:130,3
FN:133,KeyValueStore.exists
FNDA:0,KeyValueStore.exists
DA:134,0
FN:137,KeyValueStore.get
FNDA:0,KeyValueStore.get
DA:138,0
FN:141,KeyValueStore.getMetadata
FNDA:0,KeyValueStore.getMetadata
DA:142,0
FN:145,KeyValueStore.getData
FNDA:29,KeyValueStore.getData
DA:146,29
FN:149,KeyValueStore.getState
FNDA:89,KeyValueStore.getState
DA:150,89
FN:153,KeyValueStore.toKey32
FNDA:0,KeyValueStore.toKey32
DA:154,0
FN:157,KeyValueStore.toKey
FNDA:0,KeyValueStore.toKey
DA:158,138
DA:159,138
FNF:11
FNH:4
LF:55
LH:28
BRF:14
BRH:4
end_of_record
TN:
SF:contracts/instance/base/Lifecycle.sol
FN:23,Lifecycle.hasLifecycle
FNDA:0,Lifecycle.hasLifecycle
DA:31,135
FN:34,Lifecycle.getInitialState
FNDA:0,Lifecycle.getInitialState
DA:41,81
FN:44,Lifecycle.checkTransition
FNDA:0,Lifecycle.checkTransition
DA:53,0
BRDA:53,0,0,-
BRDA:53,0,1,-
DA:54,0
DA:58,0
BRDA:58,1,0,-
BRDA:58,1,1,-
DA:59,0
FN:63,Lifecycle.isValidTransition
FNDA:0,Lifecycle.isValidTransition
DA:68,0
FN:71,Lifecycle._setupComponentLifecycle
FNDA:0,Lifecycle._setupComponentLifecycle
DA:72,0
DA:73,0
DA:74,0
DA:75,0
FN:78,Lifecycle._setupBundleLifecycle
FNDA:0,Lifecycle._setupBundleLifecycle
DA:79,0
DA:80,0
DA:81,0
DA:82,0
FN:85,Lifecycle._setupPolicyLifecycle
FNDA:0,Lifecycle._setupPolicyLifecycle
DA:86,0
DA:87,0
DA:88,0
DA:89,0
DA:90,0
DA:91,0
FN:94,Lifecycle._setupRiskLifecycle
FNDA:0,Lifecycle._setupRiskLifecycle
DA:95,0
DA:96,0
DA:97,0
DA:98,0
FNF:8
FNH:0
LF:25
LH:2
BRF:4
BRH:0
end_of_record
TN:
SF:contracts/instance/base/ModuleBase.sol
FN:20,ModuleBase._initialize
FNDA:0,ModuleBase._initialize
DA:21,0
FN:24,ModuleBase._create
FNDA:0,ModuleBase._create
DA:25,0
FN:31,ModuleBase._create
FNDA:135,ModuleBase._create
DA:32,135
FN:38,ModuleBase._updateData
FNDA:0,ModuleBase._updateData
DA:39,0
FN:42,ModuleBase._updateState
FNDA:0,ModuleBase._updateState
DA:43,0
FN:46,ModuleBase._exists
FNDA:0,ModuleBase._exists
DA:47,0
FN:50,ModuleBase._getData
FNDA:29,ModuleBase._getData
DA:51,29
FN:54,ModuleBase._getState
FNDA:0,ModuleBase._getState
DA:55,0
FNF:8
FNH:2
LF:8
LH:2
BRF:0
BRH:0
end_of_record
TN:
SF:contracts/instance/base/ServiceBase.sol
FN:22,ServiceBase.getMajorVersion
FNDA:0,ServiceBase.getMajorVersion
DA:23,194
FN:27,ServiceBase.getVersion
FNDA:1,ServiceBase.getVersion
DA:33,238
FN:36,ServiceBase._initializeServiceBase
FNDA:43,ServiceBase._initializeServiceBase
DA:40,43
DA:41,43
DA:42,43
FNF:3
FNH:2
LF:5
LH:5
BRF:0
BRH:0
end_of_record
TN:
SF:contracts/instance/module/access/Access.sol
FN:45,AccessModule.createRole
FNDA:0,AccessModule.createRole
DA:48,0
DA:49,0
BRDA:49,0,0,-
BRDA:49,0,1,-
DA:53,0
FN:56,AccessModule.setRoleState
FNDA:0,AccessModule.setRoleState
DA:57,0
DA:58,0
DA:59,0
DA:61,0
FN:64,AccessModule.grantRole
FNDA:81,AccessModule.grantRole
DA:68,81
BRDA:68,1,0,-
BRDA:68,1,1,81
DA:70,81
DA:71,81
DA:73,81
FN:76,AccessModule.revokeRole
FNDA:0,AccessModule.revokeRole
DA:80,0
DA:81,0
DA:83,0
FN:86,AccessModule.roleExists
FNDA:0,AccessModule.roleExists
DA:87,0
FN:90,AccessModule.hasRole
FNDA:83,AccessModule.hasRole
DA:94,83
FN:97,AccessModule.getRoleId
FNDA:0,AccessModule.getRoleId
DA:98,0
FN:101,AccessModule.getRoleInfo
FNDA:0,AccessModule.getRoleInfo
DA:104,0
FN:107,AccessModule.getRole
FNDA:0,AccessModule.getRole
DA:110,0
FN:113,AccessModule.getRoleCount
FNDA:0,AccessModule.getRoleCount
DA:114,0
FN:117,AccessModule.getRoleMemberCount
FNDA:0,AccessModule.getRoleMemberCount
DA:120,0
FN:123,AccessModule.getRoleMember
FNDA:0,AccessModule.getRoleMember
DA:127,0
FN:130,AccessModule._createRole
FNDA:0,AccessModule._createRole
DA:134,0
DA:135,0
DA:137,0
FN:140,AccessModule._setRoleInfo
FNDA:0,AccessModule._setRoleInfo
DA:143,0
DA:144,0
DA:145,0
BRDA:145,2,0,-
BRDA:145,2,1,-
DA:146,0
FNF:14
FNH:2
LF:29
LH:5
BRF:6
BRH:1
end_of_record
TN:
SF:contracts/instance/module/bundle/BundleModule.sol
FN:58,BundleModule.initializeBundleModule
FNDA:0,BundleModule.initializeBundleModule
DA:59,0
FN:62,BundleModule.createBundleInfo
FNDA:27,BundleModule.createBundleInfo
DA:74,27
DA:85,27
FN:88,BundleModule.setBundleInfo
FNDA:0,BundleModule.setBundleInfo
DA:93,0
FN:96,BundleModule.updateBundleState
FNDA:0,BundleModule.updateBundleState
DA:101,0
FN:104,BundleModule.collateralizePolicy
FNDA:0,BundleModule.collateralizePolicy
DA:113,0
DA:114,0
FN:117,BundleModule.releasePolicy
FNDA:0,BundleModule.releasePolicy
DA:126,0
DA:127,0
DA:128,0
FN:131,BundleModule.getBundleInfo
FNDA:0,BundleModule.getBundleInfo
DA:132,0
FNF:7
FNH:1
LF:11
LH:2
BRF:0
BRH:0
end_of_record
TN:
SF:contracts/instance/module/component/ComponentModule.sol
FN:29,ComponentModule.initializeComponentModule
FNDA:0,ComponentModule.initializeComponentModule
DA:30,0
FN:33,ComponentModule.registerComponent
FNDA:54,ComponentModule.registerComponent
DA:42,54
DA:43,54
DA:44,54
FN:47,ComponentModule.getComponentToken
FNDA:2,ComponentModule.getComponentToken
DA:48,2
DA:49,2
FN:52,ComponentModule.getComponentWallet
FNDA:27,ComponentModule.getComponentWallet
DA:53,27
DA:54,27
FN:57,ComponentModule.getComponentCount
FNDA:0,ComponentModule.getComponentCount
DA:63,0
FN:66,ComponentModule.getComponentId
FNDA:0,ComponentModule.getComponentId
DA:69,0
FNF:6
FNH:3
LF:10
LH:7
BRF:0
BRH:0
end_of_record
TN:
SF:contracts/instance/module/distribution/DistributionModule.sol
FN:13,DistributionModule.initializeDistributionModule
FNDA:0,DistributionModule.initializeDistributionModule
DA:14,0
FNF:1
FNH:0
LF:1
LH:0
BRF:0
BRH:0
end_of_record
TN:
SF:contracts/instance/module/policy/PolicyModule.sol
FN:32,PolicyModule.initializePolicyModule
FNDA:0,PolicyModule.initializePolicyModule
DA:33,0
FN:36,PolicyModule.createPolicyInfo
FNDA:0,PolicyModule.createPolicyInfo
DA:50,0
DA:67,0
FN:70,PolicyModule.setPolicyInfo
FNDA:0,PolicyModule.setPolicyInfo
DA:75,0
FN:78,PolicyModule.updatePolicyState
FNDA:0,PolicyModule.updatePolicyState
DA:83,0
FN:86,PolicyModule.getPolicyInfo
FNDA:0,PolicyModule.getPolicyInfo
DA:89,0
FNF:5
FNH:0
LF:6
LH:0
BRF:0
BRH:0
end_of_record
TN:
SF:contracts/instance/module/pool/PoolModule.sol
FN:47,PoolModule.initializePoolModule
FNDA:0,PoolModule.initializePoolModule
DA:48,0
FN:51,PoolModule.registerPool
FNDA:27,PoolModule.registerPool
DA:59,27
FN:62,PoolModule.addBundleToPool
FNDA:27,PoolModule.addBundleToPool
DA:70,27
DA:71,27
BRDA:71,0,0,-
BRDA:71,0,1,27
DA:75,27
FN:79,PoolModule.getPoolInfo
FNDA:0,PoolModule.getPoolInfo
DA:82,0
FN:86,PoolModule.getBundleCount
FNDA:0,PoolModule.getBundleCount
DA:87,0
FN:91,PoolModule.getBundleNftId
FNDA:0,PoolModule.getBundleNftId
DA:92,0
FNF:6
FNH:2
LF:8
LH:4
BRF:2
BRH:1
end_of_record
TN:
SF:contracts/instance/module/risk/RiskModule.sol
FN:17,RiskModule.initializeRiskModule
FNDA:0,RiskModule.initializeRiskModule
DA:18,0
FN:21,RiskModule.createRisk
FNDA:0,RiskModule.createRisk
DA:26,0
DA:31,0
FN:34,RiskModule.setRiskInfo
FNDA:0,RiskModule.setRiskInfo
FN:44,RiskModule.updateRiskState
FNDA:0,RiskModule.updateRiskState
FN:54,RiskModule.getRiskInfo
FNDA:0,RiskModule.getRiskInfo
FNF:5
FNH:0
LF:3
LH:0
BRF:0
BRH:0
end_of_record
TN:
SF:contracts/instance/module/treasury/TokenHandler.sol
FN:22,TokenHandler.transfer
FNDA:27,TokenHandler.transfer
DA:30,27
FN:33,TokenHandler.getProductNftId
FNDA:0,TokenHandler.getProductNftId
DA:38,0
FN:41,TokenHandler.getToken
FNDA:0,TokenHandler.getToken
DA:46,0
FNF:3
FNH:1
LF:3
LH:1
BRF:0
BRH:0
end_of_record
TN:
SF:contracts/instance/module/treasury/TreasuryModule.sol
FN:36,TreasuryModule._initializeTreasuryModule
FNDA:0,TreasuryModule._initializeTreasuryModule
DA:38,0
DA:39,0
FN:42,TreasuryModule.registerProductSetup
FNDA:27,TreasuryModule.registerProductSetup
DA:49,27
DA:50,27
DA:52,27
BRDA:52,0,0,-
BRDA:52,0,1,27
DA:53,27
BRDA:53,1,0,-
BRDA:53,1,1,27
DA:54,27
BRDA:54,2,0,-
BRDA:54,2,1,27
DA:58,27
DA:59,27
DA:60,27
DA:62,27
FN:65,TreasuryModule.setTreasuryInfo
FNDA:0,TreasuryModule.setTreasuryInfo
DA:73,0
FN:76,TreasuryModule.getProductNftId
FNDA:27,TreasuryModule.getProductNftId
DA:79,27
FN:82,TreasuryModule.getTokenHandler
FNDA:54,TreasuryModule.getTokenHandler
DA:85,54
FN:88,TreasuryModule.hasTreasuryInfo
FNDA:0,TreasuryModule.hasTreasuryInfo
DA:91,0
FN:94,TreasuryModule.getTreasuryInfo
FNDA:0,TreasuryModule.getTreasuryInfo
DA:97,0
FN:100,TreasuryModule.calculateFeeAmount
FNDA:0,TreasuryModule.calculateFeeAmount
DA:104,0
FN:107,TreasuryModule.getFee
FNDA:0,TreasuryModule.getFee
DA:111,0
FN:114,TreasuryModule.getZeroFee
FNDA:27,TreasuryModule.getZeroFee
DA:115,27
FN:118,TreasuryModule.getUFixed
FNDA:0,TreasuryModule.getUFixed
DA:121,0
FN:124,TreasuryModule.getUFixed
FNDA:0,TreasuryModule.getUFixed
DA:129,0
FNF:12
FNH:4
LF:21
LH:12
BRF:6
BRH:3
end_of_record
TN:
SF:contracts/instance/service/ComponentOwnerService.sol
FN:71,ComponentOwnerService.getName
FNDA:0,ComponentOwnerService.getName
DA:72,0
FN:75,ComponentOwnerService.getRoleForType
FNDA:0,ComponentOwnerService.getRoleForType
DA:78,81
BRDA:78,0,0,27
BRDA:78,0,1,54
DA:79,27
DA:81,54
BRDA:81,1,0,27
BRDA:81,1,1,27
DA:82,27
DA:84,27
BRDA:84,2,0,27
BRDA:84,2,1,-
DA:85,27
DA:87,0
BRDA:87,3,0,-
BRDA:87,3,1,-
DA:88,0
FN:92,ComponentOwnerService.getRegistryService
FNDA:0,ComponentOwnerService.getRegistryService
DA:93,81
DA:94,81
FN:98,ComponentOwnerService.register
FNDA:81,ComponentOwnerService.register
DA:104,81
DA:107,81
DA:112,81
DA:113,81
DA:114,81
DA:116,81
DA:117,81
BRDA:117,4,0,-
BRDA:117,4,1,81
DA:118,0
DA:122,81
BRDA:122,5,0,27
BRDA:122,5,1,54
DA:123,27
DA:129,54
BRDA:129,6,0,27
BRDA:129,6,1,54
DA:130,27
FN:140,ComponentOwnerService.lock
FNDA:2,ComponentOwnerService.lock
DA:144,2
DA:145,2
DA:146,2
DA:147,2
FN:150,ComponentOwnerService.unlock
FNDA:1,ComponentOwnerService.unlock
DA:154,1
DA:155,1
DA:156,1
DA:157,1
FN:162,ComponentOwnerService._registerProduct
FNDA:27,ComponentOwnerService._registerProduct
DA:170,27
DA:173,27
DA:175,27
DA:177,27
BRDA:177,7,0,-
BRDA:177,7,1,27
DA:178,0
DA:181,27
DA:183,27
BRDA:183,8,0,-
BRDA:183,8,1,27
DA:184,0
DA:187,27
DA:189,27
BRDA:189,9,0,-
BRDA:189,9,1,27
DA:190,0
DA:193,27
BRDA:193,10,0,-
BRDA:193,10,1,27
DA:194,0
DA:201,27
DA:203,27
BRDA:203,11,0,-
BRDA:203,11,1,27
DA:204,0
DA:207,27
BRDA:207,12,0,-
BRDA:207,12,1,27
DA:208,0
DA:214,27
DA:221,27
FN:227,ComponentOwnerService._registerPool
FNDA:27,ComponentOwnerService._registerPool
DA:235,27
DA:242,27
DA:244,27
DA:246,27
BRDA:246,13,0,-
BRDA:246,13,1,27
DA:247,0
DA:250,27
DA:252,27
BRDA:252,14,0,-
BRDA:252,14,1,27
DA:253,0
DA:256,27
BRDA:256,15,0,-
BRDA:256,15,1,27
DA:257,0
DA:263,27
DA:270,27
FNF:8
FNH:5
LF:63
LH:50
BRF:32
BRH:19
end_of_record
TN:
SF:contracts/instance/service/DistributionService.sol
FN:37,DistributionService.getName
FNDA:0,DistributionService.getName
DA:38,0
FN:41,DistributionService.setFees
FNDA:0,DistributionService.setFees
DA:47,0
DA:49,0
DA:50,0
DA:51,0
DA:52,0
FNF:2
FNH:0
LF:6
LH:0
BRF:0
BRH:0
end_of_record
TN:
SF:contracts/instance/service/PoolService.sol
FN:37,PoolService.getName
FNDA:0,PoolService.getName
DA:38,0
FN:41,PoolService.setFees
FNDA:0,PoolService.setFees
DA:49,0
DA:51,0
DA:52,0
DA:53,0
DA:54,0
DA:55,0
DA:56,0
FN:59,PoolService.createBundle
FNDA:27,PoolService.createBundle
DA:70,27
DA:73,27
DA:74,27
DA:87,27
DA:96,27
DA:102,27
FN:111,PoolService.setBundleFee
FNDA:0,PoolService.setBundleFee
DA:118,0
DA:119,0
DA:120,0
BRDA:120,0,0,-
BRDA:120,0,1,-
DA:121,0
BRDA:121,1,0,-
BRDA:121,1,1,-
DA:122,0
DA:123,0
FN:127,PoolService._processStakingByTreasury
FNDA:27,PoolService._processStakingByTreasury
DA:136,27
BRDA:136,2,0,-
BRDA:136,2,1,27
DA:137,27
DA:138,27
DA:139,27
DA:140,27
DA:142,27
FNF:5
FNH:2
LF:26
LH:12
BRF:6
BRH:1
end_of_record
TN:
SF:contracts/instance/service/ProductService.sol
FN:55,ProductService.getName
FNDA:0,ProductService.getName
DA:56,0
FN:59,ProductService.setFees
FNDA:0,ProductService.setFees
DA:66,0
DA:67,0
DA:68,0
DA:69,0
DA:70,0
DA:71,0
FN:74,ProductService.createRisk
FNDA:0,ProductService.createRisk
DA:78,0
DA:79,0
DA:80,0
FN:87,ProductService.setRiskInfo
FNDA:0,ProductService.setRiskInfo
DA:91,0
DA:92,0
FN:98,ProductService.updateRiskState
FNDA:0,ProductService.updateRiskState
DA:102,0
DA:103,0
FN:109,ProductService._getAndVerifyInstanceAndProduct
FNDA:0,ProductService._getAndVerifyInstanceAndProduct
DA:110,0
DA:111,0
DA:112,0
FN:115,ProductService.calculatePremium
FNDA:0,ProductService.calculatePremium
DA:134,0
DA:135,0
DA:142,0
DA:154,0
DA:155,0
DA:156,0
FN:159,ProductService._calculateFeeAmounts
FNDA:0,ProductService._calculateFeeAmounts
DA:174,0
DA:175,0
DA:176,0
DA:177,0
BRDA:177,0,0,-
BRDA:177,0,1,-
DA:179,0
DA:180,0
DA:181,0
DA:183,0
DA:184,0
DA:185,0
FN:189,ProductService.createApplication
FNDA:0,ProductService.createApplication
DA:198,0
DA:201,0
DA:213,0
DA:222,0
FN:236,ProductService._getAndVerifyUnderwritingSetup
FNDA:0,ProductService._getAndVerifyUnderwritingSetup
DA:250,0
DA:251,0
DA:252,0
DA:253,0
BRDA:253,1,0,-
BRDA:253,1,1,-
DA:256,0
DA:257,0
DA:260,0
FN:263,ProductService._lockCollateralInBundle
FNDA:0,ProductService._lockCollateralInBundle
DA:273,0
DA:274,0
DA:275,0
FN:278,ProductService._underwriteByPool
FNDA:0,ProductService._underwriteByPool
DA:287,0
DA:288,0
DA:289,0
FN:297,ProductService.revoke
FNDA:0,ProductService.revoke
DA:303,0
BRDA:303,2,0,-
BRDA:303,2,1,-
FN:307,ProductService.underwrite
FNDA:0,ProductService.underwrite
DA:316,0
DA:319,0
DA:322,0
DA:323,0
DA:324,0
BRDA:324,3,0,-
BRDA:324,3,1,-
DA:325,0
BRDA:325,4,0,-
BRDA:325,4,1,-
DA:327,0
DA:328,0
DA:329,0
DA:330,0
DA:332,0
DA:343,0
DA:351,0
DA:354,0
BRDA:354,5,0,-
BRDA:354,5,1,-
DA:355,0
DA:356,0
DA:358,0
DA:362,0
BRDA:362,6,0,-
BRDA:362,6,1,-
DA:363,0
DA:370,0
DA:371,0
DA:374,0
DA:375,0
DA:379,0
DA:380,0
DA:382,0
BRDA:382,7,0,-
BRDA:382,7,1,-
DA:383,0
FN:396,ProductService.calculateRequiredCollateral
FNDA:0,ProductService.calculateRequiredCollateral
DA:397,0
DA:398,0
DA:399,0
FN:402,ProductService.collectPremium
FNDA:0,ProductService.collectPremium
DA:404,0
DA:407,0
DA:408,0
DA:410,0
DA:411,0
DA:414,0
DA:417,0
BRDA:417,8,0,-
BRDA:417,8,1,-
DA:418,0
BRDA:418,9,0,-
BRDA:418,9,1,-
DA:422,0
DA:423,0
DA:425,0
DA:428,0
FN:433,ProductService.activate
FNDA:0,ProductService.activate
DA:435,0
DA:437,0
DA:439,0
BRDA:439,10,0,-
BRDA:439,10,1,-
DA:443,0
DA:444,0
DA:446,0
DA:447,0
FN:452,ProductService.close
FNDA:0,ProductService.close
FN:459,ProductService._getPoolNftId
FNDA:0,ProductService._getPoolNftId
DA:467,0
FN:471,ProductService._processPremiumByTreasury
FNDA:0,ProductService._processPremiumByTreasury
DA:482,0
BRDA:482,11,0,-
BRDA:482,11,1,-
DA:483,0
DA:484,0
DA:485,0
DA:486,0
DA:487,0
DA:489,0
BRDA:489,12,0,-
BRDA:489,12,1,-
DA:490,0
DA:496,0
DA:501,0
DA:502,0
DA:503,0
DA:504,0
FNF:20
FNH:0
LF:114
LH:0
BRF:26
BRH:0
end_of_record
TN:
SF:contracts/registry/ChainNft.sol
FN:54,ChainNft.mint
FNDA:476,ChainNft.mint
DA:55,476
DA:56,476
FN:65,ChainNft.mint
FNDA:6558,ChainNft.mint
DA:70,6558
DA:72,6558
BRDA:72,0,0,829
BRDA:72,0,1,6558
DA:73,829
DA:76,6558
BRDA:76,1,0,-
BRDA:76,1,1,6558
DA:77,0
DA:80,6558
DA:81,6069
FN:89,ChainNft.transferFrom
FNDA:2,ChainNft.transferFrom
DA:90,3
DA:92,3
BRDA:92,2,0,-
BRDA:92,2,1,-
DA:93,0
FN:98,ChainNft.burn
FNDA:0,ChainNft.burn
DA:99,0
DA:100,0
DA:101,0
FN:104,ChainNft.setURI
FNDA:0,ChainNft.setURI
DA:108,0
BRDA:108,3,0,-
BRDA:108,3,1,-
DA:110,0
DA:111,0
FN:114,ChainNft.exists
FNDA:0,ChainNft.exists
DA:115,0
FN:118,ChainNft.tokenURI
FNDA:0,ChainNft.tokenURI
DA:121,0
DA:122,0
FN:125,ChainNft.getRegistryAddress
FNDA:0,ChainNft.getRegistryAddress
DA:126,0
FN:129,ChainNft.totalMinted
FNDA:0,ChainNft.totalMinted
DA:130,0
FN:168,ChainNft.calculateTokenId
FNDA:4318,ChainNft.calculateTokenId
DA:169,10876
FN:175,ChainNft._getNextTokenId
FNDA:6558,ChainNft._getNextTokenId
DA:176,6558
DA:177,6558
FN:180,ChainNft._countDigits
FNDA:0,ChainNft._countDigits
DA:181,0
DA:182,0
DA:183,0
DA:184,0
FNF:12
FNH:5
LF:30
LH:13
BRF:8
BRH:3
end_of_record
TN:
SF:contracts/registry/Registry.sol
FN:119,Registry.register
FNDA:28632,Registry.register
DA:124,16332
DA:125,16332
DA:126,16332
DA:127,16332
DA:128,16332
DA:134,16332
BRDA:134,0,0,9774
BRDA:134,0,1,6558
DA:135,9774
DA:138,6558
DA:140,6558
DA:144,6069
DA:149,6069
DA:150,6069
DA:152,6069
BRDA:152,1,0,512
BRDA:152,1,1,1781
DA:156,5161
BRDA:156,2,0,1213
BRDA:156,2,1,3948
DA:157,1213
DA:160,3948
DA:162,3948
BRDA:162,3,0,18
BRDA:162,3,1,3930
DA:163,18
DA:166,3930
DA:169,3930
BRDA:169,4,0,512
BRDA:169,4,1,1781
DA:171,3535
DA:174,3535
DA:175,3535
DA:181,3535
BRDA:180,5,0,1242
BRDA:180,5,1,2293
DA:185,1242
DA:188,2293
BRDA:188,6,0,512
BRDA:188,6,1,1781
DA:189,512
DA:192,1781
DA:193,1781
DA:195,1781
DA:200,908
BRDA:200,7,0,766
BRDA:200,7,1,142
DA:201,766
DA:205,2318
FN:208,Registry.registerFrom
FNDA:0,Registry.registerFrom
DA:213,0
FN:225,Registry.approve
FNDA:8364,Registry.approve
DA:233,4262
DA:235,4262
BRDA:235,8,0,3255
BRDA:235,8,1,1007
DA:236,3255
DA:239,1007
BRDA:239,9,0,598
BRDA:239,9,1,409
DA:240,598
DA:244,409
DA:245,294
BRDA:243,10,0,240
BRDA:243,10,1,169
DA:246,240
DA:249,169
DA:251,169
FN:257,Registry.allowance
FNDA:356705,Registry.allowance
DA:265,356705
FN:269,Registry.getObjectCount
FNDA:2050,Registry.getObjectCount
DA:271,2050
FN:274,Registry.getNftId
FNDA:19279,Registry.getNftId
DA:275,19279
FN:278,Registry.ownerOf
FNDA:29831,Registry.ownerOf
DA:279,29831
FN:282,Registry.ownerOf
FNDA:18530,Registry.ownerOf
DA:284,26924
FN:287,Registry.getObjectInfo
FNDA:29751,Registry.getObjectInfo
DA:288,29751
FN:291,Registry.getObjectInfo
FNDA:18552,Registry.getObjectInfo
DA:293,18552
FN:296,Registry.isRegistered
FNDA:29477,Registry.isRegistered
DA:297,29477
FN:300,Registry.isRegistered
FNDA:19065,Registry.isRegistered
DA:301,19065
FN:304,Registry.getServiceName
FNDA:7774,Registry.getServiceName
DA:305,7774
FN:309,Registry.getServiceAddress
FNDA:8022,Registry.getServiceAddress
DA:314,8022
DA:315,8022
FN:318,Registry.getChainNft
FNDA:2155,Registry.getChainNft
DA:319,2155
FN:322,Registry.getOwner
FNDA:30,Registry.getOwner
DA:323,8394
FN:329,Registry._registerProtocol
FNDA:0,Registry._registerProtocol
DA:332,0
DA:333,0
DA:335,0
DA:337,0
FN:350,Registry._registerRegistry
FNDA:0,Registry._registerRegistry
DA:353,0
DA:354,0
DA:356,0
DA:358,0
BRDA:358,11,0,-
BRDA:358,11,1,-
DA:360,0
DA:361,0
DA:365,0
DA:368,0
DA:370,0
DA:379,0
DA:380,0
FN:385,Registry._registerGlobalRegistry
FNDA:0,Registry._registerGlobalRegistry
DA:388,0
DA:390,0
DA:392,0
DA:394,0
FN:405,Registry._registerRegistryService
FNDA:0,Registry._registerRegistryService
DA:408,0
DA:409,0
DA:411,0
DA:413,0
DA:423,0
DA:425,0
DA:426,0
DA:427,0
DA:428,0
DA:429,0
FN:433,Registry._getInterceptor
FNDA:6558,Registry._getInterceptor
DA:443,6558
BRDA:443,12,0,-
BRDA:443,12,1,1107
DA:444,1107
BRDA:444,13,0,-
BRDA:444,13,1,1107
DA:445,0
DA:447,1107
DA:451,5451
BRDA:451,14,0,829
BRDA:451,14,1,4622
DA:452,829
DA:455,4622
FN:464,Registry._setupValidObjectParentCombinations
FNDA:0,Registry._setupValidObjectParentCombinations
DA:468,0
DA:469,0
DA:472,0
DA:475,0
DA:476,0
DA:477,0
DA:478,0
DA:481,0
DA:484,0
DA:485,0
FNF:22
FNH:16
LF:104
LH:63
BRF:30
BRH:26
end_of_record
TN:
SF:contracts/registry/RegistryService.sol
FN:68,RegistryService.registerToken
FNDA:27,RegistryService.registerToken
DA:72,27
DA:73,27
DA:76,27
DA:82,27
BRDA:82,0,0,-
BRDA:82,0,1,27
DA:83,0
DA:86,27
DA:87,27
BRDA:87,1,0,-
BRDA:87,1,1,27
DA:88,0
DA:91,27
DA:101,27
FN:110,RegistryService.registerService
FNDA:108,RegistryService.registerService
DA:117,108
BRDA:117,2,0,-
BRDA:117,2,1,108
DA:118,0
DA:121,108
DA:126,108
DA:127,108
BRDA:127,3,0,-
BRDA:127,3,1,108
DA:128,0
DA:131,108
DA:132,108
DA:133,108
DA:135,108
FN:143,RegistryService.registerComponent
FNDA:81,RegistryService.registerComponent
DA:150,81
BRDA:150,4,0,-
BRDA:150,4,1,81
DA:151,0
DA:154,81
DA:159,81
DA:161,81
BRDA:161,5,0,-
BRDA:161,5,1,81
DA:162,0
DA:165,81
DA:166,81
DA:168,81
FN:176,RegistryService.registerInstance
FNDA:35,RegistryService.registerInstance
DA:183,35
BRDA:183,6,0,-
BRDA:183,6,1,35
DA:184,0
DA:187,35
DA:192,35
DA:193,35
DA:195,0
FN:201,RegistryService.registerPolicy
FNDA:0,RegistryService.registerPolicy
DA:205,0
DA:207,0
BRDA:207,7,0,-
BRDA:207,7,1,-
DA:208,0
DA:211,0
DA:213,0
FN:216,RegistryService.registerBundle
FNDA:27,RegistryService.registerBundle
DA:220,27
DA:222,27
BRDA:222,8,0,-
BRDA:222,8,1,27
DA:223,0
DA:226,27
DA:228,27
FN:233,RegistryService.getName
FNDA:0,RegistryService.getName
DA:234,43
FN:245,RegistryService._initialize
FNDA:43,RegistryService._initialize
DA:253,43
DA:257,43
DA:261,43
DA:265,43
DA:266,43
DA:268,43
DA:269,43
DA:271,43
FN:275,RegistryService._getAndVerifyContractInfo
FNDA:224,RegistryService._getAndVerifyContractInfo
DA:286,224
DA:291,224
BRDA:291,9,0,-
BRDA:291,9,1,224
DA:292,0
DA:296,224
DA:297,224
BRDA:295,10,0,-
BRDA:295,10,1,224
DA:298,0
DA:301,224
BRDA:301,11,0,-
BRDA:301,11,1,224
DA:302,0
DA:305,224
BRDA:305,12,0,-
BRDA:305,12,1,224
DA:306,0
DA:316,0
FN:323,RegistryService._verifyObjectInfo
FNDA:27,RegistryService._verifyObjectInfo
DA:330,27
BRDA:330,13,0,-
BRDA:330,13,1,27
DA:331,0
DA:335,27
DA:336,27
BRDA:334,14,0,-
BRDA:334,14,1,27
DA:340,0
DA:357,27
BRDA:357,15,0,-
BRDA:357,15,1,27
DA:358,0
FNF:10
FNH:8
LF:72
LH:50
BRF:32
BRH:15
end_of_record
TN:
SF:contracts/registry/RegistryServiceManager.sol
FN:36,RegistryServiceManager.getRegistryService
FNDA:43,RegistryServiceManager.getRegistryService
DA:41,43
FNF:1
FNH:1
LF:1
LH:1
BRF:0
BRH:0
end_of_record
TN:
SF:contracts/shared/ContractDeployerLib.sol
FN:11,ContractDeployerLib.deploy
FNDA:44,ContractDeployerLib.deploy
DA:19,44
BRDA:19,0,0,-
BRDA:19,0,1,1
DA:20,1
DA:21,1
BRDA:21,1,0,-
BRDA:21,1,1,1
DA:22,0
DA:28,44
DA:30,44
BRDA:30,2,0,-
DA:36,44
FN:41,ContractDeployerLib.getCreationCode
FNDA:44,ContractDeployerLib.getCreationCode
DA:49,44
FN:53,ContractDeployerLib.matchesWithHash
FNDA:0,ContractDeployerLib.matchesWithHash
DA:61,0
FN:65,ContractDeployerLib.getHash
FNDA:1,ContractDeployerLib.getHash
DA:70,2
FNF:4
FNH:3
LF:10
LH:8
BRF:5
BRH:2
end_of_record
TN:
SF:contracts/shared/ERC165.sol
FN:14,ERC165.supportsInterface
FNDA:620,ERC165.supportsInterface
DA:15,620
FN:18,ERC165._registerInterface
FNDA:129,ERC165._registerInterface
DA:19,129
FNF:2
FNH:2
LF:2
LH:2
BRF:0
BRH:0
end_of_record
TN:
SF:contracts/shared/NftOwnable.sol
FN:33,NftOwnable.linkToRegisteredNftId
FNDA:227,NftOwnable.linkToRegisteredNftId
DA:34,270
BRDA:34,0,0,1
BRDA:34,0,1,269
DA:35,1
DA:38,269
BRDA:38,1,0,1
BRDA:38,1,1,268
DA:39,1
DA:42,268
DA:44,268
BRDA:44,2,0,1
BRDA:44,2,1,267
DA:45,1
DA:48,267
FN:52,NftOwnable.getRegistry
FNDA:88,NftOwnable.getRegistry
DA:53,695
FN:57,NftOwnable.getNftId
FNDA:671,NftOwnable.getNftId
DA:58,671
FN:62,NftOwnable.getOwner
FNDA:175,NftOwnable.getOwner
DA:63,424
BRDA:63,3,0,-
BRDA:63,3,1,185
DA:64,185
DA:67,239
FN:73,NftOwnable._initializeNftOwnable
FNDA:49,NftOwnable._initializeNftOwnable
DA:80,49
DA:81,49
FN:87,NftOwnable._linkToNftOwnable
FNDA:5,NftOwnable._linkToNftOwnable
DA:95,4
BRDA:95,4,0,1
BRDA:95,4,1,3
DA:96,1
DA:99,3
DA:101,3
BRDA:101,5,0,1
BRDA:101,5,1,2
DA:102,1
DA:105,2
DA:107,2
FN:111,NftOwnable._setRegistry
FNDA:52,NftOwnable._setRegistry
DA:114,52
BRDA:114,6,0,1
BRDA:114,6,1,51
DA:115,1
DA:118,51
BRDA:118,7,0,1
BRDA:118,7,1,50
DA:119,1
DA:122,50
BRDA:122,8,0,1
BRDA:122,8,1,49
DA:123,1
DA:126,49
DA:128,49
FNF:7
FNH:7
LF:30
LH:30
BRF:18
BRH:17
end_of_record
TN:
SF:contracts/shared/ProxyManager.sol
FN:34,ProxyManager.deploy
FNDA:5,ProxyManager.deploy
DA:40,4
BRDA:40,0,0,1
BRDA:40,0,1,3
DA:42,3
DA:43,3
DA:44,3
DA:46,3
DA:52,3
DA:53,3
DA:55,3
FN:59,ProxyManager.upgrade
FNDA:5,ProxyManager.upgrade
DA:65,3
BRDA:65,1,0,-
BRDA:65,1,1,3
DA:67,3
DA:68,3
DA:69,3
DA:70,3
DA:72,3
DA:77,3
DA:79,3
FN:83,ProxyManager.getDeployData
FNDA:0,ProxyManager.getDeployData
DA:84,3
FN:87,ProxyManager.getUpgradeData
FNDA:0,ProxyManager.getUpgradeData
DA:88,3
FN:91,ProxyManager.getProxy
FNDA:0,ProxyManager.getProxy
DA:92,3
FNF:5
FNH:2
LF:19
LH:19
BRF:4
BRH:3
end_of_record
TN:
SF:contracts/shared/Registerable.sol
FN:34,Registerable._getRegisterableStorage
FNDA:294,Registerable._getRegisterableStorage
DA:36,294
FN:40,Registerable._initializeRegisterable
FNDA:43,Registerable._initializeRegisterable
DA:52,43
DA:59,43
DA:60,43
DA:61,43
DA:62,43
DA:63,43
DA:65,43
FN:69,Registerable.getInitialInfo
FNDA:251,Registerable.getInitialInfo
DA:75,251
DA:76,251
FNF:3
FNH:3
LF:10
LH:10
BRF:0
BRH:0
end_of_record
TN:
SF:contracts/shared/UpgradableProxyWithAdmin.sol
FN:15,UpgradableProxyWithAdmin.getProxyAdmin
FNDA:3,UpgradableProxyWithAdmin.getProxyAdmin
DA:15,3
FNF:1
FNH:1
LF:1
LH:1
BRF:0
BRH:0
end_of_record
TN:
SF:contracts/shared/Versionable.sol
FN:34,Versionable.initialize
FNDA:46,Versionable.initialize
DA:42,46
DA:43,46
FN:47,Versionable.upgrade
FNDA:3,Versionable.upgrade
DA:55,3
DA:56,3
FN:59,Versionable.isInitialized
FNDA:0,Versionable.isInitialized
DA:60,0
FN:65,Versionable.getVersionCount
FNDA:3,Versionable.getVersionCount
DA:66,3
FN:69,Versionable.getVersion
FNDA:0,Versionable.getVersion
DA:70,0
FN:73,Versionable.getVersionInfo
FNDA:0,Versionable.getVersionInfo
DA:74,0
FN:77,Versionable.getInitializedVersion
FNDA:0,Versionable.getInitializedVersion
DA:78,0
FN:86,Versionable._initialize
FNDA:0,Versionable._initialize
DA:91,0
FN:97,Versionable._upgrade
FNDA:0,Versionable._upgrade
DA:102,0
FN:105,Versionable._getVersionableStorage
FNDA:52,Versionable._getVersionableStorage
DA:107,52
FN:114,Versionable._updateVersionHistory
FNDA:49,Versionable._updateVersionHistory
DA:121,49
DA:123,49
DA:125,49
DA:127,49
BRDA:127,0,0,46
BRDA:127,0,1,3
DA:129,46
DA:132,3
BRDA:132,1,0,-
BRDA:132,1,1,3
DA:136,49
DA:137,49
DA:145,49
FNF:11
FNH:5
LF:21
LH:15
BRF:4
BRH:3
end_of_record
TN:
SF:contracts/test/TestFee.sol
FN:9,TestFee.createFee
FNDA:0,TestFee.createFee
DA:18,0
FN:21,TestFee.getZeroFee
FNDA:0,TestFee.getZeroFee
DA:22,0
FNF:2
FNH:0
LF:2
LH:0
BRF:0
BRH:0
end_of_record
TN:
SF:contracts/test/TestProduct.sol
FN:34,TestProduct.getDefaultRiskId
FNDA:0,TestProduct.getDefaultRiskId
DA:35,0
FN:38,TestProduct.applyForPolicy
FNDA:0,TestProduct.applyForPolicy
DA:47,0
DA:48,0
DA:50,0
BRDA:50,0,0,-
BRDA:50,0,1,-
DA:51,0
DA:52,0
DA:55,0
FN:66,TestProduct.underwrite
FNDA:0,TestProduct.underwrite
DA:67,0
DA:68,0
FN:71,TestProduct.collectPremium
FNDA:0,TestProduct.collectPremium
DA:72,0
FNF:4
FNH:0
LF:10
LH:0
BRF:2
BRH:0
end_of_record
TN:
SF:contracts/test/TestRoleId.sol
FN:7,TestRoleId.getRole
FNDA:0,TestRoleId.getRole
DA:7,0
FN:9,TestRoleId.getProductOwnerRoleName
FNDA:0,TestRoleId.getProductOwnerRoleName
DA:9,0
FN:10,TestRoleId.getProductOwnerRole
FNDA:0,TestRoleId.getProductOwnerRole
DA:10,0
FN:12,TestRoleId.getPoolOwnerRoleName
FNDA:0,TestRoleId.getPoolOwnerRoleName
DA:12,0
FN:13,TestRoleId.getPoolOwnerRole
FNDA:0,TestRoleId.getPoolOwnerRole
DA:13,0
FNF:5
FNH:0
LF:5
LH:0
BRF:0
BRH:0
end_of_record
TN:
SF:contracts/test/TestService.sol
FN:23,TestService.getName
FNDA:0,TestService.getName
DA:24,0
FNF:1
FNH:0
LF:1
LH:0
BRF:0
BRH:0
end_of_record
TN:
SF:contracts/test/TestToken.sol
FN:23,TestUsdc.decimals
FNDA:27,TestUsdc.decimals
DA:24,27
FNF:1
FNH:1
LF:1
LH:1
BRF:0
BRH:0
end_of_record
TN:
SF:contracts/test/TestVersion.sol
FN:8,TestVersion.createVersion
FNDA:0,TestVersion.createVersion
DA:9,0
FN:12,TestVersion.createVersionPart
FNDA:0,TestVersion.createVersionPart
DA:13,0
FN:16,TestVersion.getVersionParts
FNDA:0,TestVersion.getVersionParts
DA:25,0
FN:28,TestVersion.getMajorPart
FNDA:0,TestVersion.getMajorPart
DA:29,0
FN:32,TestVersion.getZeroVersion
FNDA:0,TestVersion.getZeroVersion
DA:33,0
FN:36,TestVersion.isSameVersion
FNDA:0,TestVersion.isSameVersion
DA:37,0
FN:40,TestVersion.isLargerVersion
FNDA:0,TestVersion.isLargerVersion
DA:41,0
FNF:7
FNH:0
LF:7
LH:0
BRF:0
BRH:0
end_of_record
TN:
SF:contracts/test/TestVersionable.sol
FN:9,TestVersionable.getVersion
FNDA:0,TestVersionable.getVersion
DA:15,0
FNF:1
FNH:0
LF:1
LH:0
BRF:0
BRH:0
end_of_record
TN:
SF:contracts/test/Usdc.sol
FN:23,USDC.decimals
FNDA:0,USDC.decimals
DA:24,0
FNF:1
FNH:0
LF:1
LH:0
BRF:0
BRH:0
end_of_record
TN:
SF:contracts/types/AddressSet.sol
FN:12,LibAddressSet.add
FNDA:0,LibAddressSet.add
DA:13,0
BRDA:13,0,0,-
BRDA:13,0,1,-
DA:14,0
DA:15,0
DA:16,0
DA:18,0
FN:22,LibAddressSet.remove
FNDA:0,LibAddressSet.remove
DA:23,0
DA:25,0
BRDA:25,1,0,-
BRDA:25,1,1,-
DA:26,0
DA:27,0
DA:29,0
BRDA:29,2,0,-
BRDA:29,2,1,-
DA:30,0
DA:31,0
DA:32,0
DA:35,0
DA:36,0
DA:37,0
DA:40,0
FN:43,LibAddressSet.isEmpty
FNDA:0,LibAddressSet.isEmpty
DA:44,0
FN:47,LibAddressSet.contains
FNDA:0,LibAddressSet.contains
DA:48,0
FN:51,LibAddressSet.getLength
FNDA:0,LibAddressSet.getLength
DA:52,0
FN:55,LibAddressSet.getElementAt
FNDA:0,LibAddressSet.getElementAt
DA:56,0
FNF:6
FNH:0
LF:21
LH:0
BRF:6
BRH:0
end_of_record
TN:
SF:contracts/types/Blocknumber.sol
FN:67,BlocknumberLib.gt
FNDA:2,BlocknumberLib.gt
DA:71,2
FN:75,BlocknumberLib.gte
FNDA:4,BlocknumberLib.gte
DA:79,4
FN:83,BlocknumberLib.lt
FNDA:2,BlocknumberLib.lt
DA:87,2
FN:91,BlocknumberLib.lte
FNDA:4,BlocknumberLib.lte
DA:95,4
FN:99,BlocknumberLib.eq
FNDA:9,BlocknumberLib.eq
DA:103,9
FN:107,BlocknumberLib.ne
FNDA:9,BlocknumberLib.ne
DA:111,9
FN:115,BlocknumberLib.toInt
FNDA:6,BlocknumberLib.toInt
DA:116,6
FNF:7
FNH:7
LF:7
LH:7
BRF:0
BRH:0
end_of_record
TN:
SF:contracts/types/ChainId.sol
FN:35,ChainIdLib.toInt
FNDA:0,ChainIdLib.toInt
DA:36,0
FNF:1
FNH:0
LF:1
LH:0
BRF:0
BRH:0
end_of_record
TN:
SF:contracts/types/Fee.sol
FN:13,FeeLib.calculateFee
FNDA:0,FeeLib.calculateFee
DA:24,0
DA:26,0
DA:27,0
FN:31,FeeLib.toFee
FNDA:0,FeeLib.toFee
DA:35,0
FN:39,FeeLib.percentageFee
FNDA:27,FeeLib.percentageFee
DA:40,27
FN:44,FeeLib.zeroFee
FNDA:81,FeeLib.zeroFee
DA:45,81
FN:49,FeeLib.feeIsSame
FNDA:0,FeeLib.feeIsSame
DA:50,0
FN:53,FeeLib.feeIsZero
FNDA:0,FeeLib.feeIsZero
DA:54,0
FNF:6
FNH:2
LF:8
LH:2
BRF:0
BRH:0
end_of_record
TN:
SF:contracts/types/Key32.sol
FN:33,Key32Lib.toKey32
FNDA:256,Key32Lib.toKey32
DA:34,256
DA:35,256
DA:36,256
DA:37,256
FN:40,Key32Lib.toKey
FNDA:138,Key32Lib.toKey
DA:41,138
DA:42,138
DA:43,138
FNF:2
FNH:2
LF:7
LH:7
BRF:0
BRH:0
end_of_record
TN:
SF:contracts/types/NftId.sol
FN:44,NftIdLib.toInt
FNDA:241257,NftIdLib.toInt
DA:45,241257
FN:49,NftIdLib.gtz
FNDA:23945,NftIdLib.gtz
DA:50,23945
FN:54,NftIdLib.eqz
FNDA:4320,NftIdLib.eqz
DA:55,4320
FN:59,NftIdLib.eq
FNDA:7,NftIdLib.eq
DA:60,7
FN:64,NftIdLib.toKey32
FNDA:256,NftIdLib.toKey32
DA:65,256
FN:69,NftIdLib.toKeyId
FNDA:0,NftIdLib.toKeyId
DA:70,256
FNF:6
FNH:5
LF:6
LH:6
BRF:0
BRH:0
end_of_record
TN:
SF:contracts/types/NftIdSet.sol
FN:14,LibNftIdSet.add
FNDA:27,LibNftIdSet.add
DA:15,27
BRDA:15,0,0,27
BRDA:15,0,1,-
DA:16,27
DA:17,27
DA:18,27
DA:20,0
FN:24,LibNftIdSet.remove
FNDA:0,LibNftIdSet.remove
DA:25,0
DA:27,0
BRDA:27,1,0,-
BRDA:27,1,1,-
DA:28,0
DA:29,0
DA:31,0
BRDA:31,2,0,-
BRDA:31,2,1,-
DA:32,0
DA:33,0
DA:34,0
DA:37,0
DA:38,0
DA:39,0
DA:41,0
FN:45,LibNftIdSet.isEmpty
FNDA:0,LibNftIdSet.isEmpty
DA:46,0
FN:49,LibNftIdSet.contains
FNDA:27,LibNftIdSet.contains
DA:50,27
FN:53,LibNftIdSet.getLength
FNDA:0,LibNftIdSet.getLength
DA:54,0
FN:57,LibNftIdSet.getElementAt
FNDA:0,LibNftIdSet.getElementAt
DA:58,0
FNF:6
FNH:2
LF:21
LH:5
BRF:6
BRH:1
end_of_record
TN:
SF:contracts/types/ObjectType.sol
FN:113,ObjectTypeLib.toInt
FNDA:103,ObjectTypeLib.toInt
DA:114,103
FN:118,ObjectTypeLib.gtz
FNDA:29753,ObjectTypeLib.gtz
DA:119,29753
FN:123,ObjectTypeLib.eqz
FNDA:135,ObjectTypeLib.eqz
DA:124,135
FN:128,ObjectTypeLib.eq
FNDA:0,ObjectTypeLib.eq
DA:129,0
FNF:4
FNH:3
LF:4
LH:3
BRF:0
BRH:0
end_of_record
TN:
SF:contracts/types/ReferralId.sol
FN:30,ReferralIdLib.zeroReferralId
FNDA:0,ReferralIdLib.zeroReferralId
DA:31,0
FN:35,ReferralIdLib.toReferralId
FNDA:0,ReferralIdLib.toReferralId
DA:36,0
FN:40,ReferralIdLib.toKey32
FNDA:0,ReferralIdLib.toKey32
DA:41,0
FN:45,ReferralIdLib.toKeyId
FNDA:0,ReferralIdLib.toKeyId
DA:46,0
FNF:4
FNH:0
LF:4
LH:0
BRF:0
BRH:0
end_of_record
TN:
SF:contracts/types/RiskId.sol
FN:30,RiskIdLib.toRiskId
FNDA:0,RiskIdLib.toRiskId
DA:31,0
FN:35,RiskIdLib.toKey32
FNDA:0,RiskIdLib.toKey32
DA:36,0
FN:40,RiskIdLib.toKeyId
FNDA:0,RiskIdLib.toKeyId
DA:41,0
FNF:3
FNH:0
LF:3
LH:0
BRF:0
BRH:0
end_of_record
TN:
SF:contracts/types/RoleId.sol
FN:35,RoleIdLib.toRoleId
FNDA:276,RoleIdLib.toRoleId
DA:36,276
FNF:1
FNH:1
LF:1
LH:1
BRF:0
BRH:0
end_of_record
TN:
SF:contracts/types/StateId.sol
FN:83,StateIdLib.toInt
FNDA:0,StateIdLib.toInt
DA:84,0
FN:88,StateIdLib.gtz
FNDA:0,StateIdLib.gtz
DA:89,0
FN:93,StateIdLib.eqz
FNDA:0,StateIdLib.eqz
DA:94,0
FN:98,StateIdLib.eq
FNDA:0,StateIdLib.eq
DA:99,0
FNF:4
FNH:0
LF:4
LH:0
BRF:0
BRH:0
end_of_record
TN:
SF:contracts/types/Timestamp.sol
FN:64,TimestampLib.gt
FNDA:4,TimestampLib.gt
DA:65,4
FN:69,TimestampLib.gte
FNDA:4,TimestampLib.gte
DA:73,4
FN:77,TimestampLib.lt
FNDA:4,TimestampLib.lt
DA:78,4
FN:82,TimestampLib.lte
FNDA:4,TimestampLib.lte
DA:86,4
FN:90,TimestampLib.eq
FNDA:6,TimestampLib.eq
DA:91,6
FN:95,TimestampLib.ne
FNDA:6,TimestampLib.ne
DA:99,6
FN:103,TimestampLib.gtz
FNDA:0,TimestampLib.gtz
DA:104,0
FN:108,TimestampLib.eqz
FNDA:0,TimestampLib.eqz
DA:109,0
FN:113,TimestampLib.addSeconds
FNDA:27,TimestampLib.addSeconds
DA:117,27
FN:120,TimestampLib.toInt
FNDA:5,TimestampLib.toInt
DA:121,5
FNF:10
FNH:8
LF:10
LH:8
BRF:0
BRH:0
end_of_record
TN:
SF:contracts/types/UFixed.sol
FN:85,UFixedMathLib.ROUNDING_DOWN
FNDA:3,UFixedMathLib.ROUNDING_DOWN
DA:86,0
FN:90,UFixedMathLib.ROUNDING_UP
FNDA:3,UFixedMathLib.ROUNDING_UP
DA:91,3
FN:95,UFixedMathLib.ROUNDING_HALF_UP
FNDA:3,UFixedMathLib.ROUNDING_HALF_UP
DA:96,18
FN:100,UFixedMathLib.toUFixed
FNDA:8,UFixedMathLib.toUFixed
DA:101,8
FN:105,UFixedMathLib.toUFixed
FNDA:34,UFixedMathLib.toUFixed
DA:106,34
BRDA:106,0,0,1
BRDA:106,0,1,33
DA:107,33
BRDA:107,1,0,1
BRDA:107,1,1,32
DA:109,32
FN:113,UFixedMathLib.decimals
FNDA:1,UFixedMathLib.decimals
DA:114,1
FN:118,UFixedMathLib.toInt
FNDA:3,UFixedMathLib.toInt
DA:119,3
FN:123,UFixedMathLib.toIntWithRounding
FNDA:9,UFixedMathLib.toIntWithRounding
DA:124,12
BRDA:124,2,0,6
BRDA:124,2,1,6
DA:125,6
DA:126,6
DA:132,6
BRDA:132,3,0,3
BRDA:132,3,1,3
DA:133,3
DA:134,3
DA:141,3
DA:142,3
FN:147,UFixedMathLib.add
FNDA:5,UFixedMathLib.add
DA:148,5
FN:152,UFixedMathLib.sub
FNDA:6,UFixedMathLib.sub
DA:153,6
FN:157,UFixedMathLib.mul
FNDA:16,UFixedMathLib.mul
DA:158,16
FN:162,UFixedMathLib.div
FNDA:13,UFixedMathLib.div
DA:163,13
FN:167,UFixedMathLib.gt
FNDA:2,UFixedMathLib.gt
DA:168,2
FN:172,UFixedMathLib.gte
FNDA:4,UFixedMathLib.gte
DA:173,4
FN:177,UFixedMathLib.lt
FNDA:2,UFixedMathLib.lt
DA:178,2
FN:182,UFixedMathLib.lte
FNDA:3,UFixedMathLib.lte
DA:183,3
FN:187,UFixedMathLib.eq
FNDA:35,UFixedMathLib.eq
DA:188,35
FN:192,UFixedMathLib.gtz
FNDA:2,UFixedMathLib.gtz
DA:193,2
FN:197,UFixedMathLib.eqz
FNDA:29,UFixedMathLib.eqz
DA:198,29
FN:201,UFixedMathLib.zero
FNDA:0,UFixedMathLib.zero
DA:202,0
FN:206,UFixedMathLib.delta
FNDA:6,UFixedMathLib.delta
DA:207,6
FNF:21
FNH:20
LF:30
LH:28
BRF:8
BRH:8
end_of_record
TN:
SF:contracts/types/Version.sol
FN:17,VersionPartLib.toInt
FNDA:9353,VersionPartLib.toInt
DA:17,9353
FN:36,VersionLib.toInt
FNDA:7,VersionLib.toInt
DA:36,7
FN:38,VersionLib.toUint64
FNDA:3,VersionLib.toUint64
DA:38,3
FN:40,VersionLib.toMajorPart
FNDA:337,VersionLib.toMajorPart
DA:45,337
DA:46,337
DA:47,337
FN:50,VersionLib.toVersionParts
FNDA:0,VersionLib.toVersionParts
DA:59,0
DA:60,0
DA:62,0
DA:63,0
DA:64,0
DA:66,0
FN:73,VersionLib.toVersionPart
FNDA:8433,VersionLib.toVersionPart
DA:74,8433
FN:77,VersionLib.toVersion
FNDA:400,VersionLib.toVersion
DA:86,400
BRDA:86,0,0,-
BRDA:86,0,1,400
DA:90,400
FN:96,VersionLib.toVersion
FNDA:0,VersionLib.toVersion
DA:98,0
FN:101,VersionLib.zeroVersion
FNDA:0,VersionLib.zeroVersion
DA:102,0
FNF:9
FNH:6
LF:17
LH:9
BRF:2
BRH:1
end_of_record
TN:
SF:test_forge/Registry.t.sol
FN:1612,RegistryTestWithPreset.setUp
FNDA:38,RegistryTestWithPreset.setUp
DA:1614,38
DA:1616,38
DA:1618,38
DA:1620,38
FN:1623,RegistryTestWithPreset._register_all_types
FNDA:38,RegistryTestWithPreset._register_all_types
DA:1625,38
DA:1628,38
DA:1630,38
DA:1631,38
DA:1632,38
DA:1633,38
DA:1634,38
DA:1636,38
DA:1637,38
DA:1639,38
DA:1640,38
DA:1642,38
DA:1643,38
DA:1644,38
DA:1645,38
DA:1646,38
DA:1648,38
DA:1649,38
DA:1651,38
DA:1652,38
DA:1654,38
DA:1655,38
DA:1656,38
DA:1657,38
DA:1658,38
DA:1660,38
DA:1661,38
DA:1663,38
DA:1664,38
DA:1666,38
DA:1667,38
DA:1668,38
DA:1669,38
DA:1670,38
DA:1672,38
DA:1673,38
DA:1675,38
DA:1676,38
DA:1678,38
DA:1679,38
DA:1680,38
DA:1681,38
DA:1682,38
DA:1684,38
DA:1685,38
DA:1687,38
DA:1688,38
DA:1690,38
DA:1691,38
DA:1692,38
DA:1693,38
DA:1694,38
DA:1696,38
DA:1697,38
DA:1699,38
DA:1700,38
DA:1702,38
DA:1703,38
DA:1704,38
DA:1705,38
DA:1706,38
DA:1708,38
DA:1709,38
DA:1711,38
DA:1712,38
DA:1714,38
DA:1715,38
DA:1716,38
DA:1717,38
DA:1718,38
DA:1720,38
DA:1721,38
DA:1723,38
DA:1724,38
DA:1726,38
DA:1727,38
DA:1728,38
DA:1729,38
DA:1730,38
DA:1732,38
DA:1733,38
DA:1735,38
FNF:2
FNH:2
LF:86
LH:86
BRF:0
BRH:0
end_of_record
TN:
SF:test_forge/base/TestGifBase.sol
FN:104,TestGifBase.setUp
FNDA:0,TestGifBase.setUp
DA:105,0
FN:111,TestGifBase._setUp
FNDA:0,TestGifBase._setUp
DA:120,0
DA:123,0
DA:124,0
DA:125,0
DA:126,0
DA:127,0
DA:130,0
DA:131,0
DA:132,0
DA:135,0
DA:136,0
DA:137,0
DA:138,0
DA:141,0
DA:142,0
DA:143,0
DA:146,0
DA:147,0
DA:148,0
DA:151,0
DA:153,0
DA:154,0
DA:158,0
DA:159,0
DA:161,0
DA:165,0
FN:168,TestGifBase.fundAccount
FNDA:0,TestGifBase.fundAccount
DA:169,0
DA:171,0
FN:175,TestGifBase.assertNftId
FNDA:0,TestGifBase.assertNftId
DA:176,0
BRDA:176,0,0,-
BRDA:176,0,1,-
DA:177,0
DA:180,0
FN:185,TestGifBase.assertNftIdZero
FNDA:0,TestGifBase.assertNftIdZero
DA:186,0
BRDA:186,1,0,-
BRDA:186,1,1,-
DA:187,0
DA:190,0
FN:194,TestGifBase._startMeasureGas
FNDA:0,TestGifBase._startMeasureGas
DA:195,0
DA:196,0
FN:200,TestGifBase._stopMeasureGas
FNDA:0,TestGifBase._stopMeasureGas
DA:202,0
DA:203,0
DA:205,0
FN:208,TestGifBase._deployRegistryServiceAndRegistry
FNDA:0,TestGifBase._deployRegistryServiceAndRegistry
DA:210,0
DA:211,0
DA:213,0
DA:214,0
DA:215,0
DA:216,0
DA:217,0
DA:218,0
DA:221,0
DA:222,0
DA:223,0
DA:224,0
DA:226,0
DA:227,0
DA:228,0
DA:229,0
DA:230,0
DA:231,0
DA:232,0
DA:233,0
DA:234,0
DA:235,0
DA:236,0
FN:241,TestGifBase._deployServices
FNDA:0,TestGifBase._deployServices
DA:245,0
DA:246,0
DA:247,0
DA:249,0
DA:250,0
DA:251,0
DA:252,0
DA:255,0
DA:256,0
DA:257,0
DA:262,0
DA:263,0
DA:266,0
DA:267,0
DA:268,0
DA:273,0
DA:274,0
DA:275,0
DA:278,0
DA:279,0
DA:280,0
DA:281,0
DA:286,0
DA:287,0
DA:288,0
DA:291,0
DA:292,0
DA:293,0
DA:294,0
FN:299,TestGifBase._deployInstance
FNDA:0,TestGifBase._deployInstance
DA:308,0
DA:310,0
DA:312,0
DA:318,0
DA:319,0
DA:323,0
DA:324,0
DA:325,0
DA:327,0
FN:331,TestGifBase._deployToken
FNDA:0,TestGifBase._deployToken
DA:332,0
DA:333,0
DA:334,0
DA:336,0
DA:338,0
DA:340,0
FN:344,TestGifBase._deployPool
FNDA:0,TestGifBase._deployPool
DA:351,0
DA:352,0
DA:354,0
DA:366,0
DA:368,0
DA:369,0
DA:371,0
DA:373,0
FN:377,TestGifBase._deployDistribution
FNDA:0,TestGifBase._deployDistribution
DA:382,0
DA:383,0
DA:391,0
DA:393,0
DA:394,0
DA:396,0
DA:398,0
FN:402,TestGifBase._deployProduct
FNDA:0,TestGifBase._deployProduct
DA:403,0
DA:405,0
DA:416,0
DA:419,0
DA:420,0
DA:421,0
DA:423,0
DA:425,0
DA:427,0
FN:430,TestGifBase._createBundle
FNDA:0,TestGifBase._createBundle
DA:437,0
DA:444,0
DA:446,0
FNF:15
FNH:0
LF:134
LH:0
BRF:4
BRH:0
end_of_record
TN:
SF:test_forge/mock/ContractV01.sol
FN:19,ContractV01.getVersion
FNDA:2,ContractV01.getVersion
DA:25,5
FN:28,ContractV01.getDataV01
FNDA:2,ContractV01.getDataV01
DA:33,2
FN:36,ContractV01._initialize
FNDA:3,ContractV01._initialize
FN:42,ContractV01._getStorage
FNDA:0,ContractV01._getStorage
DA:44,0
FNF:4
FNH:3
LF:3
LH:2
BRF:0
BRH:0
end_of_record
TN:
SF:test_forge/mock/ContractV02.sol
FN:17,ContractV02.getVersion
FNDA:1,ContractV02.getVersion
DA:23,3
FN:26,ContractV02.getDataV02
FNDA:1,ContractV02.getDataV02
DA:27,1
FN:30,ContractV02._initialize
FNDA:0,ContractV02._initialize
FN:39,ContractV02._upgrade
FNDA:1,ContractV02._upgrade
FN:47,ContractV02._getStorageV2
FNDA:0,ContractV02._getStorageV2
DA:49,0
FNF:5
FNH:3
LF:3
LH:2
BRF:0
BRH:0
end_of_record
TN:
SF:test_forge/mock/Dip.sol
FN:23,DIP.decimals
FNDA:1,DIP.decimals
DA:24,1
FNF:1
FNH:1
LF:1
LH:1
BRF:0
BRH:0
end_of_record
TN:
SF:test_forge/mock/NftOwnableMock.sol
FN:10,NftOwnableMock.initializeNftOwnable
FNDA:6,NftOwnableMock.initializeNftOwnable
DA:11,6
FN:14,NftOwnableMock.linkToNftOwnable
FNDA:5,NftOwnableMock.linkToNftOwnable
DA:15,5
FNF:2
FNH:2
LF:2
LH:2
BRF:0
BRH:0
end_of_record
TN:
SF:test_forge/mock/RegistryServiceMock.sol
FN:11,RegistryServiceMock._initialize
FNDA:0,RegistryServiceMock._initialize
FN:17,RegistryServiceMock.getVersion
FNDA:0,RegistryServiceMock.getVersion
DA:23,0
FN:26,RegistryServiceMock.getMessage
FNDA:0,RegistryServiceMock.getMessage
DA:27,0
FNF:3
FNH:0
LF:2
LH:0
BRF:0
BRH:0
end_of_record
TN:
SF:test_forge/mock/RegistryServiceUpgradeMock.sol
FN:13,RegistryServiceUpgradeMock._initialize
FNDA:0,RegistryServiceUpgradeMock._initialize
FN:19,RegistryServiceUpgradeMock._upgrade
FNDA:2,RegistryServiceUpgradeMock._upgrade
FN:25,RegistryServiceUpgradeMock.getVersion
FNDA:2,RegistryServiceUpgradeMock.getVersion
DA:31,6
FN:34,RegistryServiceUpgradeMock.getMessage
FNDA:2,RegistryServiceUpgradeMock.getMessage
DA:35,2
FNF:4
FNH:3
LF:2
LH:2
BRF:0
BRH:0
end_of_record
TN:
SF:test_forge/modules/TestInstanceBase.sol
FN:25,TestInstanceBase.getComponentOwnerService
FNDA:0,TestInstanceBase.getComponentOwnerService
DA:25,0
FN:26,TestInstanceBase.getDistributionService
FNDA:0,TestInstanceBase.getDistributionService
DA:26,0
FN:27,TestInstanceBase.getProductService
FNDA:0,TestInstanceBase.getProductService
DA:27,0
FN:28,TestInstanceBase.getPoolService
FNDA:0,TestInstanceBase.getPoolService
DA:28,0
FNF:4
FNH:0
LF:4
LH:0
BRF:0
BRH:0
end_of_record
TN:
SF:test_forge/modules/TestInstanceModules.sol
FN:53,TestInstanceModuleAccess.hasRole
FNDA:0,TestInstanceModuleAccess.hasRole
DA:53,0
FN:55,TestInstanceModuleAccess.getComponentOwnerService
FNDA:0,TestInstanceModuleAccess.getComponentOwnerService
DA:55,0
FN:56,TestInstanceModuleAccess.getDistributionService
FNDA:0,TestInstanceModuleAccess.getDistributionService
DA:56,0
FN:57,TestInstanceModuleAccess.getProductService
FNDA:0,TestInstanceModuleAccess.getProductService
DA:57,0
FN:58,TestInstanceModuleAccess.getPoolService
FNDA:0,TestInstanceModuleAccess.getPoolService
DA:58,0
FN:60,TestInstanceModuleAccess.getOwner
FNDA:0,TestInstanceModuleAccess.getOwner
DA:60,1
FN:115,TestInstanceModulePolicy.getComponentOwnerService
FNDA:0,TestInstanceModulePolicy.getComponentOwnerService
DA:115,0
FN:116,TestInstanceModulePolicy.getDistributionService
FNDA:0,TestInstanceModulePolicy.getDistributionService
DA:116,0
FN:117,TestInstanceModulePolicy.getProductService
FNDA:0,TestInstanceModulePolicy.getProductService
DA:117,0
FN:118,TestInstanceModulePolicy.getPoolService
FNDA:0,TestInstanceModulePolicy.getPoolService
DA:118,0
FN:133,TestInstanceModulePool.getComponentOwnerService
FNDA:0,TestInstanceModulePool.getComponentOwnerService
DA:133,0
FN:134,TestInstanceModulePool.getDistributionService
FNDA:0,TestInstanceModulePool.getDistributionService
DA:134,0
FN:135,TestInstanceModulePool.getProductService
FNDA:0,TestInstanceModulePool.getProductService
DA:135,0
FN:136,TestInstanceModulePool.getPoolService
FNDA:0,TestInstanceModulePool.getPoolService
DA:136,0
FN:151,TestInstanceModuleTreasury.getComponentOwnerService
FNDA:0,TestInstanceModuleTreasury.getComponentOwnerService
DA:151,0
FN:152,TestInstanceModuleTreasury.getDistributionService
FNDA:0,TestInstanceModuleTreasury.getDistributionService
DA:152,0
FN:153,TestInstanceModuleTreasury.getProductService
FNDA:0,TestInstanceModuleTreasury.getProductService
DA:153,0
FN:154,TestInstanceModuleTreasury.getPoolService
FNDA:0,TestInstanceModuleTreasury.getPoolService
DA:154,0
FN:169,TestInstanceModuleDistribution.getComponentOwnerService
FNDA:0,TestInstanceModuleDistribution.getComponentOwnerService
DA:169,0
FN:170,TestInstanceModuleDistribution.getDistributionService
FNDA:0,TestInstanceModuleDistribution.getDistributionService
DA:170,0
FN:171,TestInstanceModuleDistribution.getProductService
FNDA:0,TestInstanceModuleDistribution.getProductService
DA:171,0
FN:172,TestInstanceModuleDistribution.getPoolService
FNDA:0,TestInstanceModuleDistribution.getPoolService
DA:172,0
FN:95,TestInstanceModuleComponent.getComponentOwnerService
FNDA:0,TestInstanceModuleComponent.getComponentOwnerService
DA:95,0
FN:96,TestInstanceModuleComponent.getDistributionService
FNDA:0,TestInstanceModuleComponent.getDistributionService
DA:96,0
FN:97,TestInstanceModuleComponent.getProductService
FNDA:0,TestInstanceModuleComponent.getProductService
DA:97,0
FN:98,TestInstanceModuleComponent.getPoolService
FNDA:0,TestInstanceModuleComponent.getPoolService
DA:98,0
FN:187,TestInstanceModuleRisk.getComponentOwnerService
FNDA:0,TestInstanceModuleRisk.getComponentOwnerService
DA:187,0
FN:188,TestInstanceModuleRisk.getDistributionService
FNDA:0,TestInstanceModuleRisk.getDistributionService
DA:188,0
FN:189,TestInstanceModuleRisk.getProductService
FNDA:0,TestInstanceModuleRisk.getProductService
DA:189,0
FN:190,TestInstanceModuleRisk.getPoolService
FNDA:0,TestInstanceModuleRisk.getPoolService
DA:190,0
FN:75,TestInstanceModuleBundle.getKeyValueStore
FNDA:0,TestInstanceModuleBundle.getKeyValueStore
DA:75,0
FN:77,TestInstanceModuleBundle.getComponentOwnerService
FNDA:0,TestInstanceModuleBundle.getComponentOwnerService
DA:77,0
FN:78,TestInstanceModuleBundle.getDistributionService
FNDA:0,TestInstanceModuleBundle.getDistributionService
DA:78,0
FN:79,TestInstanceModuleBundle.getProductService
FNDA:0,TestInstanceModuleBundle.getProductService
DA:79,0
FN:80,TestInstanceModuleBundle.getPoolService
FNDA:0,TestInstanceModuleBundle.getPoolService
DA:80,0
FNF:35
FNH:0
LF:35
LH:1
BRF:0
BRH:0
end_of_record
TN:
SF:test_forge/shared/ContractDeployerLib.t.sol
FN:22,FooWithConstructor.setValue
FNDA:1,FooWithConstructor.setValue
DA:22,1
FN:24,FooWithConstructor.getValue
FNDA:2,FooWithConstructor.getValue
DA:24,2
FN:26,FooWithConstructor.getMessage
FNDA:1,FooWithConstructor.getMessage
DA:26,1
FNF:3
FNH:3
LF:3
LH:3
BRF:0
BRH:0
end_of_record
